<?xml version="1.0" encoding="UTF-8"?>
<!-- Generated by org.testng.reporters.JUnitReportReporter -->
<testsuite hostname="LAPTOP-197KL6J0" failures="0" tests="1" name="com.Travel.BaseClass.ProjectSpecificMethods" time="4.829" errors="0" timestamp="2022-02-25T13:36:09 IST" skipped="0">
  <testcase classname="com.Travel.BaseClass.ProjectSpecificMethods" name="preConditions" time="4.829"/>
  <system-out/>
</testsuite> <!-- com.Travel.BaseClass.ProjectSpecificMethods -->
