<?xml version="1.0" encoding="UTF-8"?>
<!-- Generated by org.testng.reporters.JUnitReportReporter -->
<testsuite hostname="LAPTOP-197KL6J0" failures="0" tests="1" name="com.Bank.TestCase.TC_06_Manager_AddCust" time="6.134" errors="0" timestamp="2022-02-28T15:13:16 IST" skipped="0">
  <testcase classname="com.Bank.TestCase.TC_06_Manager_AddCust" name="verifyAddCustomer" time="6.134"/>
  <system-out/>
</testsuite> <!-- com.Bank.TestCase.TC_06_Manager_AddCust -->
