<?xml version="1.0" encoding="UTF-8"?>
<!-- Generated by org.testng.reporters.JUnitReportReporter -->
<testsuite hostname="LAPTOP-197KL6J0" failures="0" tests="1" name="com.Bank.TestCase.TC_08_DeleteCustomer" time="5.124" errors="0" timestamp="2022-02-28T15:58:12 IST" skipped="0">
  <testcase classname="com.Bank.TestCase.TC_08_DeleteCustomer" name="verifyDeletCustomer" time="5.124"/>
  <system-out/>
</testsuite> <!-- com.Bank.TestCase.TC_08_DeleteCustomer -->
