<?xml version="1.0" encoding="UTF-8"?>
<!-- Generated by org.testng.reporters.JUnitReportReporter -->
<testsuite hostname="LAPTOP-197KL6J0" failures="0" tests="1" name="com.Bank.TestCase.TranscationPage_03" time="4.953" errors="0" timestamp="2022-02-25T17:19:48 IST" skipped="0">
  <testcase classname="com.Bank.TestCase.TranscationPage_03" name="verifyTranscations" time="4.953"/>
  <system-out/>
</testsuite> <!-- com.Bank.TestCase.TranscationPage_03 -->
