<?xml version="1.0" encoding="UTF-8"?>
<!-- Generated by org.testng.reporters.JUnitReportReporter -->
<testsuite hostname="LAPTOP-197KL6J0" failures="0" tests="1" name="com.Bank.TestCase.LoginPage_TC_01" time="4.519" errors="0" timestamp="2022-02-25T15:30:53 IST" skipped="0">
  <testcase classname="com.Bank.TestCase.LoginPage_TC_01" name="verifyLogin" time="4.519"/>
  <system-out/>
</testsuite> <!-- com.Bank.TestCase.LoginPage_TC_01 -->
