<?xml version="1.0" encoding="UTF-8"?>
<!-- Generated by org.testng.reporters.JUnitReportReporter -->
<testsuite hostname="LAPTOP-197KL6J0" failures="0" tests="1" name="com.Bank.TestCase.TC_04_DepositePage" time="10.841" errors="0" timestamp="2022-02-28T16:14:15 IST" skipped="0">
  <testcase classname="com.Bank.TestCase.TC_04_DepositePage" name="verifyDeposite" time="10.841"/>
  <system-out/>
</testsuite> <!-- com.Bank.TestCase.TC_04_DepositePage -->
