<?xml version="1.0" encoding="UTF-8"?>
<!-- Generated by org.testng.reporters.JUnitReportReporter -->
<testsuite hostname="LAPTOP-197KL6J0" failures="0" tests="1" name="com.Bank.TestCase.DepositePage_TC_04" time="5.062" errors="0" timestamp="2022-02-25T17:34:01 IST" skipped="0">
  <testcase classname="com.Bank.TestCase.DepositePage_TC_04" name="verifyDeposite" time="5.062"/>
  <system-out/>
</testsuite> <!-- com.Bank.TestCase.DepositePage_TC_04 -->
