<?xml version="1.0" encoding="UTF-8"?>
<!-- Generated by org.testng.reporters.JUnitReportReporter -->
<testsuite hostname="LAPTOP-197KL6J0" failures="0" tests="1" name="com.Bank.TestCase.TC__07_OpenAccount" time="5.290" errors="0" timestamp="2022-02-28T15:41:39 IST" skipped="0">
  <testcase classname="com.Bank.TestCase.TC__07_OpenAccount" name="verifyOpenAccount" time="5.290"/>
  <system-out/>
</testsuite> <!-- com.Bank.TestCase.TC__07_OpenAccount -->
