<?xml version="1.0" encoding="UTF-8"?>
<!-- Generated by org.testng.reporters.JUnitReportReporter -->
<testsuite hostname="LAPTOP-197KL6J0" failures="0" tests="1" name="com.Bank.TestCase.DashboardPage_02" time="4.288" errors="0" timestamp="2022-02-25T15:37:17 IST" skipped="0">
  <testcase classname="com.Bank.TestCase.DashboardPage_02" name="verifyDahsboard" time="4.288"/>
  <system-out/>
</testsuite> <!-- com.Bank.TestCase.DashboardPage_02 -->
