<?xml version="1.0" encoding="UTF-8"?>
<!-- Generated by org.testng.reporters.JUnitReportReporter -->
<testsuite hostname="LAPTOP-197KL6J0" failures="0" tests="1" name="com.Bank.TestCase.TC_05_WithdrawalPage" time="10.390" errors="0" timestamp="2022-02-28T16:14:15 IST" skipped="0">
  <testcase classname="com.Bank.TestCase.TC_05_WithdrawalPage" name="verifyWithdrawal" time="10.390"/>
  <system-out/>
</testsuite> <!-- com.Bank.TestCase.TC_05_WithdrawalPage -->
